0 info it worked if it ends with ok
1 verbose cli [ 'C:\\Program Files\\nodejs\\node.exe',
1 verbose cli   'C:\\Program Files\\nodejs\\node_modules\\npm\\bin\\npm-cli.js',
1 verbose cli   'run',
1 verbose cli   'lite' ]
2 info using npm@3.10.8
3 info using node@v6.9.1
4 verbose run-script [ 'prelite', 'lite', 'postlite' ]
5 info lifecycle yes@1.0.0~prelite: yes@1.0.0
6 silly lifecycle yes@1.0.0~prelite: no script for prelite, continuing
7 info lifecycle yes@1.0.0~lite: yes@1.0.0
8 verbose lifecycle yes@1.0.0~lite: unsafe-perm in lifecycle true
9 verbose lifecycle yes@1.0.0~lite: PATH: C:\Program Files\nodejs\node_modules\npm\bin\node-gyp-bin;C:\Dev\ng2-start\node_modules\.bin;C:\Program Files\nodejs\node_modules\npm\bin\node-gyp-bin;C:\Dev\ng2-start\node_modules\.bin;C:\Users\Yo\Desktop\cmder\bin;C:\Users\Yo\Desktop\cmder\vendor\conemu-maximus5\ConEmu\Scripts;C:\Users\Yo\Desktop\cmder\vendor\conemu-maximus5;C:\Users\Yo\Desktop\cmder\vendor\conemu-maximus5\ConEmu;C:\Program Files (x86)\Intel\iCLS Client\;C:\Program Files\Intel\iCLS Client\;C:\ProgramData\Oracle\Java\javapath;C:\Windows\system32;C:\Windows;C:\Windows\System32\Wbem;C:\Windows\System32\WindowsPowerShell\v1.0\;C:\Program Files\Intel\WiFi\bin\;C:\Program Files\Common Files\Intel\WirelessCommon\;c:\Program Files (x86)\ATI Technologies\ATI.ACE\Core-Static;C:\Program Files (x86)\AMD\ATI.ACE\Core-Static;C:\Program Files (x86)\Intel\Intel(R) Management Engine Components\DAL;C:\Program Files\Intel\Intel(R) Management Engine Components\DAL;C:\Program Files (x86)\Intel\Intel(R) Management Engine Components\IPT;C:\Program Files\Intel\Intel(R) Management Engine Components\IPT;C:\Program Files\Microsoft SQL Server\120\Tools\Binn\;C:\Program Files\Microsoft SQL Server\130\Tools\Binn\;C:\Program Files\Microsoft SQL Server\Client SDK\ODBC\110\Tools\Binn\;C:\Program Files (x86)\Microsoft SQL Server\120\Tools\Binn\;C:\Program Files\Microsoft SQL Server\120\DTS\Binn\;C:\Program Files (x86)\Microsoft SQL Server\120\Tools\Binn\ManagementStudio\;C:\Program Files (x86)\Microsoft SQL Server\120\DTS\Binn\;C:\Program Files\Microsoft\Web Platform Installer\;C:\Program Files (x86)\Microsoft SQL Server\110\DTS\Binn\;C:\Program Files (x86)\Microsoft SQL Server\130\DTS\Binn\;C:\Program Files\Git\cmd;C:\Program Files\dotnet\;C:\Program Files\nodejs\;C:\Program Files (x86)\Brackets\command;C:\Program Files\MongoDB\Server\3.4\bin;C:\Users\Yo\AppData\Local\atom\bin;C:\Users\Yo\AppData\Roaming\npm;C:\Program Files\Git\usr\bin;C:\Program Files\Git\usr\share\vim\vim74;C:\Users\Yo\Desktop\cmder\
10 verbose lifecycle yes@1.0.0~lite: CWD: C:\Dev\ng2-start
11 silly lifecycle yes@1.0.0~lite: Args: [ '/d /s /c', 'lite-server' ]
12 silly lifecycle yes@1.0.0~lite: Returned: code: 3  signal: null
13 info lifecycle yes@1.0.0~lite: Failed to exec lite script
14 verbose stack Error: yes@1.0.0 lite: `lite-server`
14 verbose stack Exit status 3
14 verbose stack     at EventEmitter.<anonymous> (C:\Program Files\nodejs\node_modules\npm\lib\utils\lifecycle.js:255:16)
14 verbose stack     at emitTwo (events.js:106:13)
14 verbose stack     at EventEmitter.emit (events.js:191:7)
14 verbose stack     at ChildProcess.<anonymous> (C:\Program Files\nodejs\node_modules\npm\lib\utils\spawn.js:40:14)
14 verbose stack     at emitTwo (events.js:106:13)
14 verbose stack     at ChildProcess.emit (events.js:191:7)
14 verbose stack     at maybeClose (internal/child_process.js:877:16)
14 verbose stack     at Process.ChildProcess._handle.onexit (internal/child_process.js:226:5)
15 verbose pkgid yes@1.0.0
16 verbose cwd C:\Dev\ng2-start
17 error Windows_NT 6.1.7601
18 error argv "C:\\Program Files\\nodejs\\node.exe" "C:\\Program Files\\nodejs\\node_modules\\npm\\bin\\npm-cli.js" "run" "lite"
19 error node v6.9.1
20 error npm  v3.10.8
21 error code ELIFECYCLE
22 error yes@1.0.0 lite: `lite-server`
22 error Exit status 3
23 error Failed at the yes@1.0.0 lite script 'lite-server'.
23 error Make sure you have the latest version of node.js and npm installed.
23 error If you do, this is most likely a problem with the yes package,
23 error not with npm itself.
23 error Tell the author that this fails on your system:
23 error     lite-server
23 error You can get information on how to open an issue for this project with:
23 error     npm bugs yes
23 error Or if that isn't available, you can get their info via:
23 error     npm owner ls yes
23 error There is likely additional logging output above.
24 verbose exit [ 1, true ]
